17-Dec-2017 12:00:18.003 INFORMACIÓN [main] sun.reflect.NativeMethodAccessorImpl.invoke Server version:        Apache Tomcat (TomEE)/8.5.20 (7.0.4)
17-Dec-2017 12:00:18.003 INFORMACIÓN [main] sun.reflect.NativeMethodAccessorImpl.invoke Server built:          Aug 2 2017 21:35:49 UTC
17-Dec-2017 12:00:18.004 INFORMACIÓN [main] sun.reflect.NativeMethodAccessorImpl.invoke Server number:         8.5.20.0
17-Dec-2017 12:00:18.004 INFORMACIÓN [main] sun.reflect.NativeMethodAccessorImpl.invoke OS Name:               Windows 10
17-Dec-2017 12:00:18.004 INFORMACIÓN [main] sun.reflect.NativeMethodAccessorImpl.invoke OS Version:            10.0
17-Dec-2017 12:00:18.004 INFORMACIÓN [main] sun.reflect.NativeMethodAccessorImpl.invoke Architecture:          amd64
17-Dec-2017 12:00:18.004 INFORMACIÓN [main] sun.reflect.NativeMethodAccessorImpl.invoke Java Home:             C:\Program Files\Java\jdk1.8.0_151\jre
17-Dec-2017 12:00:18.004 INFORMACIÓN [main] sun.reflect.NativeMethodAccessorImpl.invoke JVM Version:           1.8.0_151-b12
17-Dec-2017 12:00:18.004 INFORMACIÓN [main] sun.reflect.NativeMethodAccessorImpl.invoke JVM Vendor:            Oracle Corporation
17-Dec-2017 12:00:18.004 INFORMACIÓN [main] sun.reflect.NativeMethodAccessorImpl.invoke CATALINA_BASE:         C:\Users\marti\Documents\Maven\00-Techblog\Parte 5\techblog\target\apache-tomee
17-Dec-2017 12:00:18.004 INFORMACIÓN [main] sun.reflect.NativeMethodAccessorImpl.invoke CATALINA_HOME:         C:\Users\marti\Documents\Maven\00-Techblog\Parte 5\techblog\target\apache-tomee
17-Dec-2017 12:00:18.004 INFORMACIÓN [main] sun.reflect.NativeMethodAccessorImpl.invoke Command line argument: -XX:+HeapDumpOnOutOfMemoryError
17-Dec-2017 12:00:18.005 INFORMACIÓN [main] sun.reflect.NativeMethodAccessorImpl.invoke Command line argument: -Dorg.apache.catalina.STRICT_SERVLET_COMPLIANCE=false
17-Dec-2017 12:00:18.005 INFORMACIÓN [main] sun.reflect.NativeMethodAccessorImpl.invoke Command line argument: -Dopenejb.session.manager=org.apache.tomee.catalina.session.QuickSessionManager
17-Dec-2017 12:00:18.005 INFORMACIÓN [main] sun.reflect.NativeMethodAccessorImpl.invoke Command line argument: -Dtomee.remote.support=true
17-Dec-2017 12:00:18.006 INFORMACIÓN [main] sun.reflect.NativeMethodAccessorImpl.invoke Command line argument: -Dtomee.jsp-development=true
17-Dec-2017 12:00:18.006 INFORMACIÓN [main] sun.reflect.DelegatingMethodAccessorImpl.invoke Command line argument: -Djava.util.logging.config.file=C:\Users\marti\Documents\Maven\00-Techblog\parte 5\techblog\target\apache-tomee\conf\logging.properties
17-Dec-2017 12:00:18.007 INFORMACIÓN [main] sun.reflect.DelegatingMethodAccessorImpl.invoke Command line argument: -javaagent:C:\Users\marti\Documents\Maven\00-Techblog\parte 5\techblog\target\apache-tomee\lib\openejb-javaagent.jar
17-Dec-2017 12:00:18.007 INFORMACIÓN [main] sun.reflect.DelegatingMethodAccessorImpl.invoke Command line argument: -Djava.util.logging.manager=org.apache.juli.ClassLoaderLogManager
17-Dec-2017 12:00:18.007 INFORMACIÓN [main] sun.reflect.DelegatingMethodAccessorImpl.invoke Command line argument: -Djava.io.tmpdir=C:\Users\marti\Documents\Maven\00-Techblog\parte 5\techblog\target\apache-tomee\temp
17-Dec-2017 12:00:18.007 INFORMACIÓN [main] sun.reflect.DelegatingMethodAccessorImpl.invoke Command line argument: -Dcatalina.base=C:\Users\marti\Documents\Maven\00-Techblog\parte 5\techblog\target\apache-tomee
17-Dec-2017 12:00:18.007 INFORMACIÓN [main] sun.reflect.DelegatingMethodAccessorImpl.invoke Command line argument: -Dcatalina.home=C:\Users\marti\Documents\Maven\00-Techblog\parte 5\techblog\target\apache-tomee
17-Dec-2017 12:00:18.007 INFORMACIÓN [main] sun.reflect.DelegatingMethodAccessorImpl.invoke Command line argument: -Dcatalina.ext.dirs=C:\Users\marti\Documents\Maven\00-Techblog\parte 5\techblog\target\apache-tomee\lib
17-Dec-2017 12:00:18.008 INFORMACIÓN [main] sun.reflect.DelegatingMethodAccessorImpl.invoke Command line argument: -Dorg.apache.tomcat.util.http.ServerCookie.ALLOW_HTTP_SEPARATORS_IN_V0=true
17-Dec-2017 12:00:18.010 INFORMACIÓN [main] sun.reflect.DelegatingMethodAccessorImpl.invoke Command line argument: -ea
17-Dec-2017 12:00:18.010 INFORMACIÓN [main] sun.reflect.DelegatingMethodAccessorImpl.invoke La biblioteca nativa de Apache Tomcat basada en ARP que permite un rendimiento óptimo en entornos de desarrollo no ha sido hallada en java.library.path: [C:\Program Files\Java\jdk1.8.0_151\jre\bin;C:\WINDOWS\Sun\Java\bin;C:\WINDOWS\system32;C:\WINDOWS;C:\Users\marti\bin;C:\Program Files (x86)\Git\mingw32\bin;C:\Program Files (x86)\Git\usr\local\bin;C:\Program Files (x86)\Git\usr\bin;C:\Program Files (x86)\Git\usr\bin;C:\Program Files (x86)\Git\mingw32\bin;C:\Program Files (x86)\Git\usr\bin;C:\Users\marti\bin;C:\Program Files\Java\jdk1.8.0_151\bin;C:\Program Files (x86)\Git\cmd;C:\maven\apache-maven-3.5.2\bin;C:\Program Files (x86)\Git\usr\bin\vendor_perl;C:\Program Files (x86)\Git\usr\bin\core_perl;.]
17-Dec-2017 12:00:18.179 INFORMACIÓN [main] sun.reflect.DelegatingMethodAccessorImpl.invoke Initializing ProtocolHandler ["http-nio-8080"]
17-Dec-2017 12:00:18.297 INFORMACIÓN [main] sun.reflect.DelegatingMethodAccessorImpl.invoke Using a shared selector for servlet write/read
17-Dec-2017 12:00:18.299 INFORMACIÓN [main] sun.reflect.DelegatingMethodAccessorImpl.invoke Initializing ProtocolHandler ["ajp-nio-8009"]
17-Dec-2017 12:00:18.301 INFORMACIÓN [main] sun.reflect.DelegatingMethodAccessorImpl.invoke Using a shared selector for servlet write/read
17-Dec-2017 12:00:18.645 INFORMACIÓN [main] org.apache.openejb.util.OptionsLog.info Using 'tomee.remote.support=true'
17-Dec-2017 12:00:18.663 INFORMACIÓN [main] org.apache.openejb.util.OptionsLog.info Using 'openejb.jdbc.datasource-creator=org.apache.tomee.jdbc.TomEEDataSourceCreator'
17-Dec-2017 12:00:18.741 INFORMACIÓN [main] org.apache.openejb.OpenEJB$Instance.<init> ********************************************************************************
17-Dec-2017 12:00:18.742 INFORMACIÓN [main] org.apache.openejb.OpenEJB$Instance.<init> OpenEJB http://tomee.apache.org/
17-Dec-2017 12:00:18.742 INFORMACIÓN [main] org.apache.openejb.OpenEJB$Instance.<init> Startup: Sun Dec 17 12:00:18 ART 2017
17-Dec-2017 12:00:18.742 INFORMACIÓN [main] org.apache.openejb.OpenEJB$Instance.<init> Copyright 1999-2017 (C) Apache OpenEJB Project, All Rights Reserved.
17-Dec-2017 12:00:18.742 INFORMACIÓN [main] org.apache.openejb.OpenEJB$Instance.<init> Version: 7.0.4
17-Dec-2017 12:00:18.742 INFORMACIÓN [main] org.apache.openejb.OpenEJB$Instance.<init> Build date: 20170926
17-Dec-2017 12:00:18.742 INFORMACIÓN [main] org.apache.openejb.OpenEJB$Instance.<init> Build time: 12:10
17-Dec-2017 12:00:18.742 INFORMACIÓN [main] org.apache.openejb.OpenEJB$Instance.<init> ********************************************************************************
17-Dec-2017 12:00:18.742 INFORMACIÓN [main] org.apache.openejb.OpenEJB$Instance.<init> openejb.home = C:\Users\marti\Documents\Maven\00-Techblog\Parte 5\techblog\target\apache-tomee
17-Dec-2017 12:00:18.743 INFORMACIÓN [main] org.apache.openejb.OpenEJB$Instance.<init> openejb.base = C:\Users\marti\Documents\Maven\00-Techblog\Parte 5\techblog\target\apache-tomee
17-Dec-2017 12:00:18.744 INFORMACIÓN [main] org.apache.openejb.cdi.CdiBuilder.initializeOWB Created new singletonService org.apache.openejb.cdi.ThreadSingletonServiceImpl@60704c
17-Dec-2017 12:00:18.744 INFORMACIÓN [main] org.apache.openejb.cdi.CdiBuilder.initializeOWB Succeeded in installing singleton service
17-Dec-2017 12:00:18.773 INFORMACIÓN [main] org.apache.openejb.config.ConfigurationFactory.init TomEE configuration file is 'C:\Users\marti\Documents\Maven\00-Techblog\Parte 5\techblog\target\apache-tomee\conf\tomee.xml'
17-Dec-2017 12:00:18.817 INFORMACIÓN [main] org.apache.openejb.config.ConfigurationFactory.configureService Configuring Service(id=Tomcat Security Service, type=SecurityService, provider-id=Tomcat Security Service)
17-Dec-2017 12:00:18.819 INFORMACIÓN [main] org.apache.openejb.config.ConfigurationFactory.configureService Configuring Service(id=Default Transaction Manager, type=TransactionManager, provider-id=Default Transaction Manager)
17-Dec-2017 12:00:18.819 INFORMACIÓN [main] org.apache.openejb.config.ConfigurationFactory.configureService Configuring Service(id=MysqlDs, type=Resource, provider-id=Default JDBC Database)
17-Dec-2017 12:00:18.822 INFORMACIÓN [main] org.apache.openejb.util.OptionsLog.info Using 'openejb.deployments.classpath=false'
17-Dec-2017 12:00:18.824 INFORMACIÓN [main] org.apache.openejb.assembler.classic.Assembler.createRecipe Creating TransactionManager(id=Default Transaction Manager)
17-Dec-2017 12:00:18.864 INFORMACIÓN [main] org.apache.openejb.assembler.classic.Assembler.createRecipe Creating SecurityService(id=Tomcat Security Service)
17-Dec-2017 12:00:18.885 INFORMACIÓN [main] org.apache.openejb.assembler.classic.Assembler.createRecipe Creating Resource(id=MysqlDs)
17-Dec-2017 12:00:19.236 INFORMACIÓN [main] org.apache.openejb.server.ServiceManager.initServer Creating ServerService(id=cxf-rs)
17-Dec-2017 12:00:19.401 INFORMACIÓN [main] org.apache.openejb.server.SimpleServiceManager.start   ** Bound Services **
17-Dec-2017 12:00:19.401 INFORMACIÓN [main] org.apache.openejb.server.SimpleServiceManager.printRow   NAME                 IP              PORT  
17-Dec-2017 12:00:19.401 INFORMACIÓN [main] org.apache.openejb.server.SimpleServiceManager.start -------
17-Dec-2017 12:00:19.401 INFORMACIÓN [main] org.apache.openejb.server.SimpleServiceManager.start Ready!
17-Dec-2017 12:00:19.402 INFORMACIÓN [main] sun.reflect.DelegatingMethodAccessorImpl.invoke Initialization processed in 1765 ms
17-Dec-2017 12:00:19.427 INFORMACIÓN [main] org.apache.tomee.catalina.OpenEJBNamingContextListener.bindResource Importing a Tomcat Resource with id 'UserDatabase' of type 'org.apache.catalina.UserDatabase'.
17-Dec-2017 12:00:19.427 INFORMACIÓN [main] org.apache.openejb.assembler.classic.Assembler.createRecipe Creating Resource(id=UserDatabase)
17-Dec-2017 12:00:19.428 INFORMACIÓN [main] sun.reflect.DelegatingMethodAccessorImpl.invoke Arrancando servicio [Catalina]
17-Dec-2017 12:00:19.428 INFORMACIÓN [main] sun.reflect.DelegatingMethodAccessorImpl.invoke Starting Servlet Engine: Apache Tomcat (TomEE)/8.5.20 (7.0.4)
17-Dec-2017 12:00:19.445 INFORMACIÓN [localhost-startStop-1] sun.reflect.DelegatingMethodAccessorImpl.invoke Despliegue del archivo [C:\Users\marti\Documents\Maven\00-Techblog\Parte 5\techblog\target\apache-tomee\webapps\ROOT.war] de la aplicación web
17-Dec-2017 12:00:19.455 INFORMACIÓN [localhost-startStop-1] org.apache.tomee.catalina.TomcatWebAppBuilder.init ------------------------- localhost -> /
17-Dec-2017 12:00:19.458 INFORMACIÓN [localhost-startStop-1] org.apache.openejb.util.JarExtractor.extract Extracting jar: C:\Users\marti\Documents\Maven\00-Techblog\Parte 5\techblog\target\apache-tomee\webapps\ROOT.war
17-Dec-2017 12:00:19.920 INFORMACIÓN [localhost-startStop-1] org.apache.openejb.util.JarExtractor.extract Extracted path: C:\Users\marti\Documents\Maven\00-Techblog\Parte 5\techblog\target\apache-tomee\webapps\ROOT
17-Dec-2017 12:00:19.920 INFORMACIÓN [localhost-startStop-1] org.apache.openejb.util.OptionsLog.info Using 'openejb.session.manager=org.apache.tomee.catalina.session.QuickSessionManager'
17-Dec-2017 12:00:20.291 INFORMACIÓN [localhost-startStop-1] org.apache.openejb.config.ConfigurationFactory.configureApplication Configuring enterprise application: C:\Users\marti\Documents\Maven\00-Techblog\Parte 5\techblog\target\apache-tomee\webapps\ROOT
17-Dec-2017 12:00:20.469 INFORMACIÓN [localhost-startStop-1] org.apache.openejb.config.InitEjbDeployments.deploy Auto-deploying ejb UserController: EjbDeployment(deployment-id=UserController)
17-Dec-2017 12:00:20.469 INFORMACIÓN [localhost-startStop-1] org.apache.openejb.config.InitEjbDeployments.deploy Auto-deploying ejb PostController: EjbDeployment(deployment-id=PostController)
17-Dec-2017 12:00:20.469 INFORMACIÓN [localhost-startStop-1] org.apache.openejb.config.InitEjbDeployments.deploy Auto-deploying ejb CommentController: EjbDeployment(deployment-id=CommentController)
17-Dec-2017 12:00:20.470 INFORMACIÓN [localhost-startStop-1] org.apache.openejb.config.InitEjbDeployments.deploy Auto-deploying ejb FollowerController: EjbDeployment(deployment-id=FollowerController)
17-Dec-2017 12:00:20.470 INFORMACIÓN [localhost-startStop-1] org.apache.openejb.config.InitEjbDeployments.deploy Auto-deploying ejb FavoriteController: EjbDeployment(deployment-id=FavoriteController)
17-Dec-2017 12:00:20.470 INFORMACIÓN [localhost-startStop-1] org.apache.openejb.config.InitEjbDeployments.deploy Auto-deploying ejb SearchController: EjbDeployment(deployment-id=SearchController)
17-Dec-2017 12:00:20.470 INFORMACIÓN [localhost-startStop-1] org.apache.openejb.config.InitEjbDeployments.deploy Auto-deploying ejb ImagePostController: EjbDeployment(deployment-id=ImagePostController)
17-Dec-2017 12:00:20.471 INFORMACIÓN [localhost-startStop-1] org.apache.openejb.config.InitEjbDeployments.deploy Auto-deploying ejb ImageUserController: EjbDeployment(deployment-id=ImageUserController)
17-Dec-2017 12:00:20.477 INFORMACIÓN [localhost-startStop-1] org.apache.openejb.config.ConfigurationFactory.configureService Configuring Service(id=Default Stateless Container, type=Container, provider-id=Default Stateless Container)
17-Dec-2017 12:00:20.478 INFORMACIÓN [localhost-startStop-1] org.apache.openejb.config.AutoConfig.createContainer Auto-creating a container for bean UserController: Container(type=STATELESS, id=Default Stateless Container)
17-Dec-2017 12:00:20.479 INFORMACIÓN [localhost-startStop-1] org.apache.openejb.assembler.classic.Assembler.createRecipe Creating Container(id=Default Stateless Container)
17-Dec-2017 12:00:20.495 INFORMACIÓN [localhost-startStop-1] org.apache.openejb.config.ConfigurationFactory.configureService Configuring Service(id=Default Managed Container, type=Container, provider-id=Default Managed Container)
17-Dec-2017 12:00:20.495 INFORMACIÓN [localhost-startStop-1] org.apache.openejb.config.AutoConfig.createContainer Auto-creating a container for bean .Comp98005048: Container(type=MANAGED, id=Default Managed Container)
17-Dec-2017 12:00:20.495 INFORMACIÓN [localhost-startStop-1] org.apache.openejb.assembler.classic.Assembler.createRecipe Creating Container(id=Default Managed Container)
17-Dec-2017 12:00:20.505 INFORMACIÓN [localhost-startStop-1] org.apache.openejb.core.managed.SimplePassivater.init Using directory C:\Users\marti\Documents\Maven\00-Techblog\parte 5\techblog\target\apache-tomee\temp for stateful session passivation
17-Dec-2017 12:00:20.519 INFORMACIÓN [localhost-startStop-1] org.apache.openejb.config.AutoConfig.deploy Configuring PersistenceUnit(name=my-app-pu)
17-Dec-2017 12:00:20.521 INFORMACIÓN [localhost-startStop-1] org.apache.openejb.config.AutoConfig.logAutoCreateResource Auto-creating a Resource with id 'MysqlDsNonJta' of type 'DataSource for 'my-app-pu'.
17-Dec-2017 12:00:20.523 INFORMACIÓN [localhost-startStop-1] org.apache.openejb.config.AutoConfig.deploy Configuring Service(id=MysqlDsNonJta, type=Resource, provider-id=MysqlDs)
17-Dec-2017 12:00:20.523 INFORMACIÓN [localhost-startStop-1] org.apache.openejb.assembler.classic.Assembler.createRecipe Creating Resource(id=MysqlDsNonJta)
17-Dec-2017 12:00:20.893 INFORMACIÓN [localhost-startStop-1] org.apache.openejb.config.AutoConfig.setNonJtaDataSource Adjusting PersistenceUnit my-app-pu <non-jta-data-source> to Resource ID 'MysqlDsNonJta' from 'null'
17-Dec-2017 12:00:20.910 INFORMACIÓN [localhost-startStop-1] org.apache.openejb.config.AppInfoBuilder.build Enterprise application "C:\Users\marti\Documents\Maven\00-Techblog\Parte 5\techblog\target\apache-tomee\webapps\ROOT" loaded.
17-Dec-2017 12:00:20.913 INFORMACIÓN [localhost-startStop-1] org.apache.openejb.assembler.classic.Assembler.createApplication Assembling app: C:\Users\marti\Documents\Maven\00-Techblog\Parte 5\techblog\target\apache-tomee\webapps\ROOT
17-Dec-2017 12:00:21.245 INFORMACIÓN [localhost-startStop-1] null.openjpa.Runtime OpenJPA dynamically loaded a validation provider.
17-Dec-2017 12:00:21.260 INFORMACIÓN [localhost-startStop-1] org.apache.openejb.assembler.classic.ReloadableEntityManagerFactory.createDelegate PersistenceUnit(name=my-app-pu, provider=org.apache.openjpa.persistence.PersistenceProviderImpl) - provider time 329ms
17-Dec-2017 12:00:21.351 INFORMACIÓN [localhost-startStop-1] org.apache.openejb.assembler.classic.JndiBuilder.bind Jndi(name=UserControllerLocalBean) --> Ejb(deployment-id=UserController)
17-Dec-2017 12:00:21.351 INFORMACIÓN [localhost-startStop-1] org.apache.openejb.assembler.classic.JndiBuilder.bind Jndi(name=global/UserController!controller.UserController) --> Ejb(deployment-id=UserController)
17-Dec-2017 12:00:21.352 INFORMACIÓN [localhost-startStop-1] org.apache.openejb.assembler.classic.JndiBuilder.bind Jndi(name=global/UserController) --> Ejb(deployment-id=UserController)
17-Dec-2017 12:00:21.353 INFORMACIÓN [localhost-startStop-1] org.apache.openejb.assembler.classic.JndiBuilder.bind Jndi(name=PostControllerLocalBean) --> Ejb(deployment-id=PostController)
17-Dec-2017 12:00:21.353 INFORMACIÓN [localhost-startStop-1] org.apache.openejb.assembler.classic.JndiBuilder.bind Jndi(name=global/PostController!controller.PostController) --> Ejb(deployment-id=PostController)
17-Dec-2017 12:00:21.353 INFORMACIÓN [localhost-startStop-1] org.apache.openejb.assembler.classic.JndiBuilder.bind Jndi(name=global/PostController) --> Ejb(deployment-id=PostController)
17-Dec-2017 12:00:21.353 INFORMACIÓN [localhost-startStop-1] org.apache.openejb.assembler.classic.JndiBuilder.bind Jndi(name=CommentControllerLocalBean) --> Ejb(deployment-id=CommentController)
17-Dec-2017 12:00:21.354 INFORMACIÓN [localhost-startStop-1] org.apache.openejb.assembler.classic.JndiBuilder.bind Jndi(name=global/CommentController!controller.CommentController) --> Ejb(deployment-id=CommentController)
17-Dec-2017 12:00:21.354 INFORMACIÓN [localhost-startStop-1] org.apache.openejb.assembler.classic.JndiBuilder.bind Jndi(name=global/CommentController) --> Ejb(deployment-id=CommentController)
17-Dec-2017 12:00:21.354 INFORMACIÓN [localhost-startStop-1] org.apache.openejb.assembler.classic.JndiBuilder.bind Jndi(name=FollowerControllerLocalBean) --> Ejb(deployment-id=FollowerController)
17-Dec-2017 12:00:21.354 INFORMACIÓN [localhost-startStop-1] org.apache.openejb.assembler.classic.JndiBuilder.bind Jndi(name=global/FollowerController!controller.FollowerController) --> Ejb(deployment-id=FollowerController)
17-Dec-2017 12:00:21.355 INFORMACIÓN [localhost-startStop-1] org.apache.openejb.assembler.classic.JndiBuilder.bind Jndi(name=global/FollowerController) --> Ejb(deployment-id=FollowerController)
17-Dec-2017 12:00:21.355 INFORMACIÓN [localhost-startStop-1] org.apache.openejb.assembler.classic.JndiBuilder.bind Jndi(name=FavoriteControllerLocalBean) --> Ejb(deployment-id=FavoriteController)
17-Dec-2017 12:00:21.355 INFORMACIÓN [localhost-startStop-1] org.apache.openejb.assembler.classic.JndiBuilder.bind Jndi(name=global/FavoriteController!controller.FavoriteController) --> Ejb(deployment-id=FavoriteController)
17-Dec-2017 12:00:21.355 INFORMACIÓN [localhost-startStop-1] org.apache.openejb.assembler.classic.JndiBuilder.bind Jndi(name=global/FavoriteController) --> Ejb(deployment-id=FavoriteController)
17-Dec-2017 12:00:21.355 INFORMACIÓN [localhost-startStop-1] org.apache.openejb.assembler.classic.JndiBuilder.bind Jndi(name=SearchControllerLocalBean) --> Ejb(deployment-id=SearchController)
17-Dec-2017 12:00:21.356 INFORMACIÓN [localhost-startStop-1] org.apache.openejb.assembler.classic.JndiBuilder.bind Jndi(name=global/SearchController!controller.SearchController) --> Ejb(deployment-id=SearchController)
17-Dec-2017 12:00:21.356 INFORMACIÓN [localhost-startStop-1] org.apache.openejb.assembler.classic.JndiBuilder.bind Jndi(name=global/SearchController) --> Ejb(deployment-id=SearchController)
17-Dec-2017 12:00:21.356 INFORMACIÓN [localhost-startStop-1] org.apache.openejb.assembler.classic.JndiBuilder.bind Jndi(name=ImagePostControllerLocalBean) --> Ejb(deployment-id=ImagePostController)
17-Dec-2017 12:00:21.356 INFORMACIÓN [localhost-startStop-1] org.apache.openejb.assembler.classic.JndiBuilder.bind Jndi(name=global/ImagePostController!controller.ImagePostController) --> Ejb(deployment-id=ImagePostController)
17-Dec-2017 12:00:21.356 INFORMACIÓN [localhost-startStop-1] org.apache.openejb.assembler.classic.JndiBuilder.bind Jndi(name=global/ImagePostController) --> Ejb(deployment-id=ImagePostController)
17-Dec-2017 12:00:21.357 INFORMACIÓN [localhost-startStop-1] org.apache.openejb.assembler.classic.JndiBuilder.bind Jndi(name=ImageUserControllerLocalBean) --> Ejb(deployment-id=ImageUserController)
17-Dec-2017 12:00:21.358 INFORMACIÓN [localhost-startStop-1] org.apache.openejb.assembler.classic.JndiBuilder.bind Jndi(name=global/ImageUserController!controller.ImageUserController) --> Ejb(deployment-id=ImageUserController)
17-Dec-2017 12:00:21.358 INFORMACIÓN [localhost-startStop-1] org.apache.openejb.assembler.classic.JndiBuilder.bind Jndi(name=global/ImageUserController) --> Ejb(deployment-id=ImageUserController)
17-Dec-2017 12:00:21.401 INFORMACIÓN [localhost-startStop-1] org.apache.openejb.cdi.CdiBuilder.initSingleton Existing thread singleton service in SystemInstance(): org.apache.openejb.cdi.ThreadSingletonServiceImpl@60704c
17-Dec-2017 12:00:21.502 INFORMACIÓN [localhost-startStop-1] org.apache.openejb.cdi.OpenEJBLifecycle.startApplication OpenWebBeans Container is starting...
17-Dec-2017 12:00:21.511 INFORMACIÓN [localhost-startStop-1] org.apache.webbeans.plugins.PluginLoader.startUp Adding OpenWebBeansPlugin : [CdiPlugin]
17-Dec-2017 12:00:21.856 INFORMACIÓN [localhost-startStop-1] org.apache.webbeans.config.BeansDeployer.validateInjectionPoints All injection points were validated successfully.
17-Dec-2017 12:00:21.860 INFORMACIÓN [localhost-startStop-1] org.apache.openejb.cdi.OpenEJBLifecycle.startApplication OpenWebBeans Container has started, it took 358 ms.
17-Dec-2017 12:00:21.862 INFORMACIÓN [localhost-startStop-1] org.apache.openejb.assembler.classic.Assembler.startEjbs Created Ejb(deployment-id=PostController, ejb-name=PostController, container=Default Stateless Container)
17-Dec-2017 12:00:21.862 INFORMACIÓN [localhost-startStop-1] org.apache.openejb.assembler.classic.Assembler.startEjbs Created Ejb(deployment-id=FavoriteController, ejb-name=FavoriteController, container=Default Stateless Container)
17-Dec-2017 12:00:21.865 INFORMACIÓN [localhost-startStop-1] org.apache.openejb.assembler.classic.Assembler.startEjbs Created Ejb(deployment-id=ImagePostController, ejb-name=ImagePostController, container=Default Stateless Container)
17-Dec-2017 12:00:21.865 INFORMACIÓN [localhost-startStop-1] org.apache.openejb.assembler.classic.Assembler.startEjbs Created Ejb(deployment-id=UserController, ejb-name=UserController, container=Default Stateless Container)
17-Dec-2017 12:00:21.865 INFORMACIÓN [localhost-startStop-1] org.apache.openejb.assembler.classic.Assembler.startEjbs Created Ejb(deployment-id=CommentController, ejb-name=CommentController, container=Default Stateless Container)
17-Dec-2017 12:00:21.865 INFORMACIÓN [localhost-startStop-1] org.apache.openejb.assembler.classic.Assembler.startEjbs Created Ejb(deployment-id=FollowerController, ejb-name=FollowerController, container=Default Stateless Container)
17-Dec-2017 12:00:21.865 INFORMACIÓN [localhost-startStop-1] org.apache.openejb.assembler.classic.Assembler.startEjbs Created Ejb(deployment-id=SearchController, ejb-name=SearchController, container=Default Stateless Container)
17-Dec-2017 12:00:21.866 INFORMACIÓN [localhost-startStop-1] org.apache.openejb.assembler.classic.Assembler.startEjbs Created Ejb(deployment-id=ImageUserController, ejb-name=ImageUserController, container=Default Stateless Container)
17-Dec-2017 12:00:21.882 INFORMACIÓN [localhost-startStop-1] org.apache.openejb.assembler.classic.Assembler.startEjbs Started Ejb(deployment-id=PostController, ejb-name=PostController, container=Default Stateless Container)
17-Dec-2017 12:00:21.890 INFORMACIÓN [localhost-startStop-1] org.apache.openejb.assembler.classic.Assembler.startEjbs Started Ejb(deployment-id=FavoriteController, ejb-name=FavoriteController, container=Default Stateless Container)
17-Dec-2017 12:00:21.894 INFORMACIÓN [localhost-startStop-1] org.apache.openejb.assembler.classic.Assembler.startEjbs Started Ejb(deployment-id=ImagePostController, ejb-name=ImagePostController, container=Default Stateless Container)
17-Dec-2017 12:00:21.914 INFORMACIÓN [localhost-startStop-1] org.apache.openejb.assembler.classic.Assembler.startEjbs Started Ejb(deployment-id=UserController, ejb-name=UserController, container=Default Stateless Container)
17-Dec-2017 12:00:21.918 INFORMACIÓN [localhost-startStop-1] org.apache.openejb.assembler.classic.Assembler.startEjbs Started Ejb(deployment-id=CommentController, ejb-name=CommentController, container=Default Stateless Container)
17-Dec-2017 12:00:21.921 INFORMACIÓN [localhost-startStop-1] org.apache.openejb.assembler.classic.Assembler.startEjbs Started Ejb(deployment-id=FollowerController, ejb-name=FollowerController, container=Default Stateless Container)
17-Dec-2017 12:00:21.923 INFORMACIÓN [localhost-startStop-1] org.apache.openejb.assembler.classic.Assembler.startEjbs Started Ejb(deployment-id=SearchController, ejb-name=SearchController, container=Default Stateless Container)
17-Dec-2017 12:00:21.926 INFORMACIÓN [localhost-startStop-1] org.apache.openejb.assembler.classic.Assembler.startEjbs Started Ejb(deployment-id=ImageUserController, ejb-name=ImageUserController, container=Default Stateless Container)
17-Dec-2017 12:00:21.930 INFORMACIÓN [localhost-startStop-1] org.apache.openejb.assembler.classic.Assembler.createApplication Deployed Application(path=C:\Users\marti\Documents\Maven\00-Techblog\Parte 5\techblog\target\apache-tomee\webapps\ROOT)
17-Dec-2017 12:00:22.105 INFORMACIÓN [localhost-startStop-1] org.apache.tomee.myfaces.TomEEMyFacesContainerInitializer.addListener Installing <listener>org.apache.myfaces.webapp.StartupServletContextListener</listener>
17-Dec-2017 12:00:22.176 INFORMACIÓN [localhost-startStop-1] org.apache.myfaces.config.DefaultFacesConfigurationProvider.getStandardFacesConfig Reading standard config META-INF/standard-faces-config.xml
17-Dec-2017 12:00:22.355 INFORMACIÓN [localhost-startStop-1] org.apache.myfaces.config.DefaultFacesConfigurationProvider.getWebAppFacesConfig Reading config /WEB-INF/faces-config.xml
17-Dec-2017 12:00:22.384 INFORMACIÓN [localhost-startStop-1] org.apache.myfaces.config.DefaultFacesConfigurationProvider.getClassloaderFacesConfig Reading config : jar:file:/C:/Users/marti/Documents/Maven/00-Techblog/Parte%205/techblog/target/apache-tomee/lib/openwebbeans-jsf-1.7.4.jar!/META-INF/faces-config.xml
17-Dec-2017 12:00:22.386 INFORMACIÓN [localhost-startStop-1] org.apache.myfaces.config.DefaultFacesConfigurationProvider.getClassloaderFacesConfig Reading config : jar:file:/C:/Users/marti/Documents/Maven/00-Techblog/Parte%205/techblog/target/apache-tomee/lib/openwebbeans-el22-1.7.4.jar!/META-INF/faces-config.xml
17-Dec-2017 12:00:22.492 INFORMACIÓN [localhost-startStop-1] org.apache.myfaces.config.LogMetaInfUtils.logArtifact Artifact 'myfaces-api' was found in version '2.2.12' from path 'file:/C:/Users/marti/Documents/Maven/00-Techblog/Parte%205/techblog/target/apache-tomee/lib/myfaces-api-2.2.12.jar'
17-Dec-2017 12:00:22.492 INFORMACIÓN [localhost-startStop-1] org.apache.myfaces.config.LogMetaInfUtils.logArtifact Artifact 'myfaces-impl' was found in version '2.2.12' from path 'file:/C:/Users/marti/Documents/Maven/00-Techblog/Parte%205/techblog/target/apache-tomee/lib/myfaces-impl-2.2.12.jar'
17-Dec-2017 12:00:22.511 INFORMACIÓN [localhost-startStop-1] org.apache.myfaces.util.ExternalSpecifications.isCDIAvailable MyFaces CDI support enabled
17-Dec-2017 12:00:22.514 INFORMACIÓN [localhost-startStop-1] org.apache.myfaces.spi.impl.DefaultInjectionProviderFactory.getInjectionProvider Using InjectionProvider org.apache.myfaces.spi.impl.CDIAnnotationDelegateInjectionProvider
17-Dec-2017 12:00:22.567 INFORMACIÓN [localhost-startStop-1] org.apache.myfaces.util.ExternalSpecifications.isBeanValidationAvailable MyFaces Bean Validation support enabled
17-Dec-2017 12:00:22.683 INFORMACIÓN [localhost-startStop-1] org.apache.myfaces.application.ApplicationImpl.getProjectStage Couldn't discover the current project stage, using Production
17-Dec-2017 12:00:22.684 INFORMACIÓN [localhost-startStop-1] org.apache.myfaces.config.FacesConfigurator.handleSerialFactory Serialization provider : class org.apache.myfaces.shared_impl.util.serial.DefaultSerialFactory
17-Dec-2017 12:00:22.692 INFORMACIÓN [localhost-startStop-1] org.apache.myfaces.config.annotation.DefaultLifecycleProviderFactory.getLifecycleProvider Using LifecycleProvider org.apache.myfaces.config.annotation.Tomcat7AnnotationLifecycleProvider
17-Dec-2017 12:00:22.865 INFORMACIÓN [localhost-startStop-1] org.apache.myfaces.webapp.AbstractFacesInitializer.initFaces ServletContext initialized.
17-Dec-2017 12:00:22.869 INFORMACIÓN [localhost-startStop-1] org.apache.myfaces.util.ExternalSpecifications.isUnifiedELAvailable MyFaces Unified EL support enabled
17-Dec-2017 12:00:22.871 INFORMACIÓN [localhost-startStop-1] org.apache.myfaces.view.facelets.ViewPoolProcessor.initialize org.apache.myfaces.CACHE_EL_EXPRESSIONS web config parameter is set to "noCache". To enable view pooling this param must be set to "alwaysRecompile". View Pooling disabled.
17-Dec-2017 12:00:22.882 INFORMACIÓN [localhost-startStop-1] org.apache.myfaces.webapp.StartupServletContextListener.contextInitialized MyFaces Core has started, it took [770] ms.
17-Dec-2017 12:00:22.933 INFORMACIÓN [localhost-startStop-1] sun.reflect.DelegatingMethodAccessorImpl.invoke Deployment of web application archive [C:\Users\marti\Documents\Maven\00-Techblog\Parte 5\techblog\target\apache-tomee\webapps\ROOT.war] has finished in [3.488] ms
17-Dec-2017 12:00:22.942 INFORMACIÓN [Catalina-startStop-1] org.apache.catalina.core.StandardContext.setClassLoaderProperty Unable to set the web application class loader property [clearReferencesRmiTargets] to [true] as the property does not exist.
17-Dec-2017 12:00:22.948 INFORMACIÓN [main] sun.reflect.DelegatingMethodAccessorImpl.invoke Starting ProtocolHandler ["http-nio-8080"]
17-Dec-2017 12:00:22.955 INFORMACIÓN [main] sun.reflect.DelegatingMethodAccessorImpl.invoke Starting ProtocolHandler ["ajp-nio-8009"]
17-Dec-2017 12:00:22.957 INFORMACIÓN [main] sun.reflect.DelegatingMethodAccessorImpl.invoke Server startup in 3555 ms
17-Dec-2017 12:00:27.517 INFORMACIÓN [http-nio-8080-exec-1] org.apache.myfaces.el.unified.ResolverBuilderBase.sortELResolvers Chain of EL resolvers for JSP sorted with: org.apache.myfaces.el.unified.OpenWebBeansELResolverComparator@32330328 and the result order is [org.apache.myfaces.el.unified.resolver.implicitobject.ImplicitObjectResolver@360c91b6, org.apache.myfaces.el.FlashELResolver@730e0913, org.apache.myfaces.el.unified.resolver.ManagedBeanResolver@68b7ff7e, org.apache.myfaces.el.unified.resolver.ResourceBundleResolver@42b79b03, org.apache.myfaces.el.unified.resolver.ResourceResolver@10e433c2, org.apache.webbeans.el22.WebBeansELResolver@1321f65c, org.apache.myfaces.el.convert.VariableResolverToELResolver@44bab749, org.apache.myfaces.el.convert.PropertyResolverToELResolver@3a2b435e]
17-Dec-2017 12:00:27.613 INFORMACIÓN [http-nio-8080-exec-1] org.apache.myfaces.el.unified.ResolverBuilderBase.sortELResolvers Chain of EL resolvers for Faces sorted with: org.apache.myfaces.el.unified.OpenWebBeansELResolverComparator@32330328 and the result order is [org.apache.myfaces.el.unified.resolver.implicitobject.ImplicitObjectResolver@be01dfa, org.apache.myfaces.el.unified.resolver.CompositeComponentELResolver@176f89cc, org.apache.webbeans.el22.WebBeansELResolver@1321f65c, org.apache.myfaces.el.convert.VariableResolverToELResolver@67e6497, org.apache.myfaces.el.convert.PropertyResolverToELResolver@662ff6b5, org.apache.myfaces.el.FlashELResolver@6dab2847, org.apache.myfaces.el.unified.resolver.ManagedBeanResolver@661edd7, org.apache.myfaces.el.unified.resolver.ResourceResolver@734e7b50, javax.el.ResourceBundleELResolver@6a4da1d2, org.apache.myfaces.el.unified.resolver.ResourceBundleResolver@5e9055cc, org.apache.el.stream.StreamELResolverImpl@5716049c, javax.el.StaticFieldELResolver@570271d5, javax.el.MapELResolver@504609d6, javax.el.ListELResolver@ca40827, javax.el.ArrayELResolver@6bf1cfcb, javax.el.BeanELResolver@2f3987b9]
17-Dec-2017 12:00:27.739 INFORMACIÓN [http-nio-8080-exec-1] javax.faces.component._ExternalSpecifications.isBeanValidationAvailable MyFaces Bean Validation support enabled
17-Dec-2017 12:00:39.093 INFORMACIÓN [http-nio-8080-exec-6] null.openjpa.Runtime Starting OpenJPA 2.4.2
17-Dec-2017 12:00:39.162 INFORMACIÓN [http-nio-8080-exec-6] null.openjpa.jdbc.JDBC Using dictionary class "org.apache.openjpa.jdbc.sql.MariaDBDictionary" (MySQL 5.5.5-10.1.28-MariaDB ,MySQL-AB JDBC Driver mysql-connector-java-5.1.6 ( Revision: ${svn.Revision} )).
17-Dec-2017 12:00:39.175 INFORMACIÓN [http-nio-8080-exec-6] null.openjpa.jdbc.JDBC Connected to MySQL version 5.5 using JDBC driver MySQL-AB JDBC Driver version mysql-connector-java-5.1.6 ( Revision: ${svn.Revision} ). 
